mode: atomic
github.com/gofunct/stencil/pkg/logging/errors.go:8.58,10.2 1 0
github.com/gofunct/stencil/pkg/logging/errors.go:12.31,14.2 1 0
github.com/gofunct/stencil/pkg/logging/errors.go:16.23,18.2 1 0
github.com/gofunct/stencil/pkg/logging/logging.go:28.37,33.3 4 1
github.com/gofunct/stencil/pkg/logging/logging.go:35.39,39.87 4 1
github.com/gofunct/stencil/pkg/logging/logging.go:42.3,42.13 1 1
github.com/gofunct/stencil/pkg/logging/logging.go:39.87,41.4 1 0
github.com/gofunct/stencil/pkg/logging/logging.go:47.42,66.28 4 0
github.com/gofunct/stencil/pkg/logging/logging.go:66.28,67.10 1 0
github.com/gofunct/stencil/pkg/logging/logging.go:68.21,69.11 1 0
github.com/gofunct/stencil/pkg/logging/logging.go:70.23,71.16 1 0
github.com/gofunct/stencil/pkg/logging/logging.go:77.14,80.2 2 0
github.com/gofunct/stencil/pkg/logging/logging.go:83.19,86.2 2 0
github.com/gofunct/stencil/pkg/logging/logging.go:89.24,89.58 1 0
github.com/gofunct/stencil/pkg/logging/logging.go:92.26,92.62 1 0
github.com/gofunct/stencil/pkg/logging/logging.go:95.25,97.2 1 0
github.com/gofunct/stencil/pkg/logging/logging.go:99.36,101.16 2 0
github.com/gofunct/stencil/pkg/logging/logging.go:105.2,105.26 1 0
github.com/gofunct/stencil/pkg/logging/logging.go:106.2,106.41 1 0
github.com/gofunct/stencil/pkg/logging/logging.go:101.16,103.3 1 0
github.com/gofunct/stencil/pkg/logging/logging.go:105.26,105.38 1 0
github.com/gofunct/stencil/pkg/config/funcmap.go:57.59,61.2 3 0
github.com/gofunct/stencil/pkg/config/funcmap.go:63.50,64.16 1 0
github.com/gofunct/stencil/pkg/config/funcmap.go:67.2,93.50 20 0
github.com/gofunct/stencil/pkg/config/funcmap.go:64.16,66.3 1 0
github.com/gofunct/stencil/pkg/config/funcmap.go:96.81,97.38 1 0
github.com/gofunct/stencil/pkg/config/funcmap.go:100.2,100.10 1 0
github.com/gofunct/stencil/pkg/config/funcmap.go:97.38,99.3 1 0
github.com/gofunct/stencil/pkg/config/parse.go:14.64,16.16 2 0
github.com/gofunct/stencil/pkg/config/parse.go:19.2,21.16 3 0
github.com/gofunct/stencil/pkg/config/parse.go:24.2,24.33 1 0
github.com/gofunct/stencil/pkg/config/parse.go:16.16,18.3 1 0
github.com/gofunct/stencil/pkg/config/parse.go:21.16,23.3 1 0
github.com/gofunct/stencil/pkg/config/parse.go:27.92,29.16 2 0
github.com/gofunct/stencil/pkg/config/parse.go:33.2,35.26 3 0
github.com/gofunct/stencil/pkg/config/parse.go:29.16,31.3 1 0
github.com/gofunct/stencil/pkg/config/parse.go:38.61,41.29 3 0
github.com/gofunct/stencil/pkg/config/parse.go:52.2,52.37 1 0
github.com/gofunct/stencil/pkg/config/parse.go:41.29,42.36 1 0
github.com/gofunct/stencil/pkg/config/parse.go:42.36,44.4 1 0
github.com/gofunct/stencil/pkg/config/parse.go:44.9,45.18 1 0
github.com/gofunct/stencil/pkg/config/parse.go:45.18,47.5 1 0
github.com/gofunct/stencil/pkg/config/parse.go:47.10,49.5 1 0
